Version: 1.2.16 ---------------
1.Bug fix
Fixed recieving items from bank automatically.


Version: 1.2.15 ---------------
1.System bug patch. [GetCraftingSkillLineIndices]


Version: 1.2.14 ---------------
1.It works with [ConfirmMasterWrit].


Version: 1.2.13 ---------------
1.APIVersion Up 100026


Version: 1.2.12 ---------------
1.Bug fix
Fixed outputs "Recipe [] is unknown. No items were crafted"


Version: 1.2.11 ---------------
1.Update LibStub

2.Add Setting: Show log ... default ON


Version: 1.2.10 ---------------
1.APIVersion Up 100025


Version: 1.2.9 ---------------
1.Bug fix
Fixed recipe sort order.

2.Bug fix(Russian localization)
Add keyword


Version: 1.2.3 to 1.2.8 ---------------
1.Bug fix
Correcting the problem that an error occurs during automatic creation.
Thanks @Ony-3!


Version: 1.2.2 ---------------
1.Bug fix
Disable automatic creation if do not know the recipe.


2.Bug fix(Russian localization)
Add keyword


Version: 1.2.1 ---------------
1.Bug fix
Fixed a bug that caused errors when crafting with multiple characters.


Version: 1.2.0 ---------------
1.Add Option
Disable automatic creation if do not know the recipe.

2.Bug fix
Fixed a problem that can't find a recipe if upload cooking skills after receiving a daily request.

4.Update keyword(Russian localization)
Thanks KiriX!

3.Update keyword(English localization)
Thanks daimon!


Version: 1.1.5 ---------------
1.APIVersion Up 100024

2.Change logic to retrieve items from bank

3.Add functions when return home


Version: 1.1.4 ---------------
1.Bug fix
Fixed Function to create master request item without receiving an order.

2.Bug fix (German and Russian localization)
Add keyword.


Version: 1.1.3 ---------------
1.Bug fix
Fixed a bug that some master requests could not be created (quality=2)

2.Using the new function GetItemLinkItemId(itemLink)

3.Integrate setting items(Retrieve items from home storage)


Version: 1.1.2 ---------------
1.Bug fix
Fixed error occurrence in gamepad mode.(formal solution)


Version: 1.1.1 ---------------
1.Bug fix
Fixed error occurrence in gamepad mode.(temporary solution)


Version: 1.1.0 ---------------
1.Add Function
Function to create master request item without receiving an order.(Now Testing)

2.Change message output method

3.Improve speed a little

4.Bug fix (German and Russian localization)
Add keyword.


Version: 1.0.3 ---------------
1.Bug fix
Fixed an issue that caused an error when opening a bank


Version: 1.0.2 ---------------
1.Bug fix
Fixed that error message cannot be displayed correctly when not having a recipe

2.Language file Update(All)
Thanks for help me! KiriX


Version: 1.0.1 ---------------
1.Bug fix
Fix to display error message when quest text and cooking name do not match


Version: 1.0.0 ---------------
1.Improve speed a little


Version: 0.9.12 ---------------
1.Language file Update(Russian localization)
I am grateful for KiriX cooperation.


Version: 0.9.11 ---------------
1.Bug fix
There are cases where an incorrect item is taken out from a bank

2.Change messages a bit(English and German and French)


Version: 0.9.10 ---------------
1.Bug fix
Fixed function to alert missing materials.


Version: 0.9.9 ---------------
1. Significant change in code.
2. Started to support Home Storage.


Version: 0.9.8 ---------------
1.Add automatic exit function from craft station.


Version: 0.9.7 ---------------
1.changed the number of batch creation steps from 5 to 1


Version: 0.9.6 ---------------
1.Bug fix
Fixed a bug in the error log when there was no recipe.


Version: 0.9.5 ---------------
1.Bug fix (English localization)
English localization: Correcting items(-) containing hyphens


Version: 0.9.4 ---------------
1.APIVersion: UP to 100022

Version: 0.9.3 ---------------
1.Bug fix (French localization)
A strange code(0xE2) is inserted instead of a space(0x20)
Corresponding to unsupported recipe name, there was a leak, so modify keywords.

2. Change processing order of daily and master.


Version: 0.9.2 ---------------
1. Master Writs support.
2. Bulk Creation function added.
3. Added debug log ON / OFF function
4. Started to support German and French and Russian (It is still under test)
5. Started to support Russian (Since there is no verification environment, it cannot be tested...)
6. Bug fix

